running egg_info
creating ../../build/hv_final/hv_final.egg-info
writing ../../build/hv_final/hv_final.egg-info/PKG-INFO
writing dependency_links to ../../build/hv_final/hv_final.egg-info/dependency_links.txt
writing entry points to ../../build/hv_final/hv_final.egg-info/entry_points.txt
writing requirements to ../../build/hv_final/hv_final.egg-info/requires.txt
writing top-level names to ../../build/hv_final/hv_final.egg-info/top_level.txt
writing manifest file '../../build/hv_final/hv_final.egg-info/SOURCES.txt'
reading manifest file '../../build/hv_final/hv_final.egg-info/SOURCES.txt'
writing manifest file '../../build/hv_final/hv_final.egg-info/SOURCES.txt'
running build
running build_py
creating /home/hugues/AE7785_labs/final_ws/build/hv_final/build
creating /home/hugues/AE7785_labs/final_ws/build/hv_final/build/lib
creating /home/hugues/AE7785_labs/final_ws/build/hv_final/build/lib/hv_final
copying hv_final/sign_vision.py -> /home/hugues/AE7785_labs/final_ws/build/hv_final/build/lib/hv_final
copying hv_final/robot_control.py -> /home/hugues/AE7785_labs/final_ws/build/hv_final/build/lib/hv_final
copying hv_final/__init__.py -> /home/hugues/AE7785_labs/final_ws/build/hv_final/build/lib/hv_final
running install
running install_lib
creating /home/hugues/AE7785_labs/final_ws/install/hv_final/lib/python3.10/site-packages/hv_final
copying /home/hugues/AE7785_labs/final_ws/build/hv_final/build/lib/hv_final/sign_vision.py -> /home/hugues/AE7785_labs/final_ws/install/hv_final/lib/python3.10/site-packages/hv_final
copying /home/hugues/AE7785_labs/final_ws/build/hv_final/build/lib/hv_final/robot_control.py -> /home/hugues/AE7785_labs/final_ws/install/hv_final/lib/python3.10/site-packages/hv_final
copying /home/hugues/AE7785_labs/final_ws/build/hv_final/build/lib/hv_final/__init__.py -> /home/hugues/AE7785_labs/final_ws/install/hv_final/lib/python3.10/site-packages/hv_final
byte-compiling /home/hugues/AE7785_labs/final_ws/install/hv_final/lib/python3.10/site-packages/hv_final/sign_vision.py to sign_vision.cpython-310.pyc
byte-compiling /home/hugues/AE7785_labs/final_ws/install/hv_final/lib/python3.10/site-packages/hv_final/robot_control.py to robot_control.cpython-310.pyc
byte-compiling /home/hugues/AE7785_labs/final_ws/install/hv_final/lib/python3.10/site-packages/hv_final/__init__.py to __init__.cpython-310.pyc
running install_data
creating /home/hugues/AE7785_labs/final_ws/install/hv_final/share/ament_index
creating /home/hugues/AE7785_labs/final_ws/install/hv_final/share/ament_index/resource_index
creating /home/hugues/AE7785_labs/final_ws/install/hv_final/share/ament_index/resource_index/packages
copying resource/hv_final -> /home/hugues/AE7785_labs/final_ws/install/hv_final/share/ament_index/resource_index/packages
copying package.xml -> /home/hugues/AE7785_labs/final_ws/install/hv_final/share/hv_final
running install_egg_info
Copying ../../build/hv_final/hv_final.egg-info to /home/hugues/AE7785_labs/final_ws/install/hv_final/lib/python3.10/site-packages/hv_final-0.0.0-py3.10.egg-info
running install_scripts
Installing robot_control script to /home/hugues/AE7785_labs/final_ws/install/hv_final/lib/hv_final
Installing sign_vision script to /home/hugues/AE7785_labs/final_ws/install/hv_final/lib/hv_final
writing list of installed files to '/home/hugues/AE7785_labs/final_ws/build/hv_final/install.log'
