[0.786s] Invoking command in '/home/hugues/AE7785_labs/final_ws/src/hv_final': PYTHONPATH=/home/hugues/AE7785_labs/final_ws/build/hv_final/prefix_override:/home/hugues/AE7785_labs/final_ws/install/hv_final/lib/python3.10/site-packages:${PYTHONPATH} /usr/bin/python3 -W ignore:setup.py install is deprecated setup.py egg_info --egg-base ../../build/hv_final build --build-base /home/hugues/AE7785_labs/final_ws/build/hv_final/build install --record /home/hugues/AE7785_labs/final_ws/build/hv_final/install.log --single-version-externally-managed install_data
[1.008s] running egg_info
[1.009s] creating ../../build/hv_final/hv_final.egg-info
[1.026s] writing ../../build/hv_final/hv_final.egg-info/PKG-INFO
[1.026s] writing dependency_links to ../../build/hv_final/hv_final.egg-info/dependency_links.txt
[1.026s] writing entry points to ../../build/hv_final/hv_final.egg-info/entry_points.txt
[1.027s] writing requirements to ../../build/hv_final/hv_final.egg-info/requires.txt
[1.027s] writing top-level names to ../../build/hv_final/hv_final.egg-info/top_level.txt
[1.027s] writing manifest file '../../build/hv_final/hv_final.egg-info/SOURCES.txt'
[1.062s] reading manifest file '../../build/hv_final/hv_final.egg-info/SOURCES.txt'
[1.063s] writing manifest file '../../build/hv_final/hv_final.egg-info/SOURCES.txt'
[1.063s] running build
[1.063s] running build_py
[1.063s] creating /home/hugues/AE7785_labs/final_ws/build/hv_final/build
[1.063s] creating /home/hugues/AE7785_labs/final_ws/build/hv_final/build/lib
[1.063s] creating /home/hugues/AE7785_labs/final_ws/build/hv_final/build/lib/hv_final
[1.063s] copying hv_final/sign_vision.py -> /home/hugues/AE7785_labs/final_ws/build/hv_final/build/lib/hv_final
[1.063s] copying hv_final/robot_control.py -> /home/hugues/AE7785_labs/final_ws/build/hv_final/build/lib/hv_final
[1.064s] copying hv_final/__init__.py -> /home/hugues/AE7785_labs/final_ws/build/hv_final/build/lib/hv_final
[1.064s] running install
[1.068s] running install_lib
[1.086s] creating /home/hugues/AE7785_labs/final_ws/install/hv_final/lib/python3.10/site-packages/hv_final
[1.086s] copying /home/hugues/AE7785_labs/final_ws/build/hv_final/build/lib/hv_final/sign_vision.py -> /home/hugues/AE7785_labs/final_ws/install/hv_final/lib/python3.10/site-packages/hv_final
[1.086s] copying /home/hugues/AE7785_labs/final_ws/build/hv_final/build/lib/hv_final/robot_control.py -> /home/hugues/AE7785_labs/final_ws/install/hv_final/lib/python3.10/site-packages/hv_final
[1.086s] copying /home/hugues/AE7785_labs/final_ws/build/hv_final/build/lib/hv_final/__init__.py -> /home/hugues/AE7785_labs/final_ws/install/hv_final/lib/python3.10/site-packages/hv_final
[1.086s] byte-compiling /home/hugues/AE7785_labs/final_ws/install/hv_final/lib/python3.10/site-packages/hv_final/sign_vision.py to sign_vision.cpython-310.pyc
[1.087s] byte-compiling /home/hugues/AE7785_labs/final_ws/install/hv_final/lib/python3.10/site-packages/hv_final/robot_control.py to robot_control.cpython-310.pyc
[1.088s] byte-compiling /home/hugues/AE7785_labs/final_ws/install/hv_final/lib/python3.10/site-packages/hv_final/__init__.py to __init__.cpython-310.pyc
[1.088s] running install_data
[1.088s] creating /home/hugues/AE7785_labs/final_ws/install/hv_final/share/ament_index
[1.088s] creating /home/hugues/AE7785_labs/final_ws/install/hv_final/share/ament_index/resource_index
[1.088s] creating /home/hugues/AE7785_labs/final_ws/install/hv_final/share/ament_index/resource_index/packages
[1.088s] copying resource/hv_final -> /home/hugues/AE7785_labs/final_ws/install/hv_final/share/ament_index/resource_index/packages
[1.088s] copying package.xml -> /home/hugues/AE7785_labs/final_ws/install/hv_final/share/hv_final
[1.088s] running install_egg_info
[1.106s] Copying ../../build/hv_final/hv_final.egg-info to /home/hugues/AE7785_labs/final_ws/install/hv_final/lib/python3.10/site-packages/hv_final-0.0.0-py3.10.egg-info
[1.107s] running install_scripts
[1.263s] Installing robot_control script to /home/hugues/AE7785_labs/final_ws/install/hv_final/lib/hv_final
[1.263s] Installing sign_vision script to /home/hugues/AE7785_labs/final_ws/install/hv_final/lib/hv_final
[1.264s] writing list of installed files to '/home/hugues/AE7785_labs/final_ws/build/hv_final/install.log'
[1.286s] Invoked command in '/home/hugues/AE7785_labs/final_ws/src/hv_final' returned '0': PYTHONPATH=/home/hugues/AE7785_labs/final_ws/build/hv_final/prefix_override:/home/hugues/AE7785_labs/final_ws/install/hv_final/lib/python3.10/site-packages:${PYTHONPATH} /usr/bin/python3 -W ignore:setup.py install is deprecated setup.py egg_info --egg-base ../../build/hv_final build --build-base /home/hugues/AE7785_labs/final_ws/build/hv_final/build install --record /home/hugues/AE7785_labs/final_ws/build/hv_final/install.log --single-version-externally-managed install_data
